C51 COMPILER V9.52.0.0   DELAY                                                             08/12/2022 07:52:33 PAGE 1   


C51 COMPILER V9.52.0.0, COMPILATION OF MODULE DELAY
OBJECT MODULE PLACED IN DELAY.obj
COMPILER INVOKED BY: D:\Keil\C51\BIN\C51.EXE Basic\DELAY.c BROWSE INCDIR(.\Basic;.\Hardware;.\User) DEBUG OBJECTEXTEND P
                    -RINT(.\DELAY.lst) TABS(2) OBJECT(DELAY.obj)

line level    source

   1          #include "DELAY.h"
   2          
   3          void Delay10us()    //@11.0592MHz
   4          {
   5   1        unsigned char i;
   6   1        i = 2;
   7   1        while (--i);
   8   1      }
   9          
  10          void Delay300ms()   //@11.0592MHz
  11          {
  12   1        unsigned char i, j, k;
  13   1        i = 3;
  14   1        j = 26;
  15   1        k = 223;
  16   1        do
  17   1        {
  18   2          do
  19   2          {
  20   3            while (--k);
  21   3          } while (--j);
  22   2        } while (--i);
  23   1      }
  24          
  25          void Delay2000ms()    //@11.0592MHz
  26          {
  27   1        unsigned char i, j, k;
  28   1        i = 15;
  29   1        j = 2;
  30   1        k = 235;
  31   1        do
  32   1        {
  33   2          do
  34   2          {
  35   3            while (--k);
  36   3          } while (--j);
  37   2        } while (--i);
  38   1      }


MODULE INFORMATION:   STATIC OVERLAYABLE
   CODE SIZE        =     31    ----
   CONSTANT SIZE    =   ----    ----
   XDATA SIZE       =   ----    ----
   PDATA SIZE       =   ----    ----
   DATA SIZE        =   ----    ----
   IDATA SIZE       =   ----    ----
   BIT SIZE         =   ----    ----
END OF MODULE INFORMATION.


C51 COMPILATION COMPLETE.  0 WARNING(S),  0 ERROR(S)
