C51 COMPILER V9.52.0.0   MAIN                                                              08/12/2022 07:52:33 PAGE 1   


C51 COMPILER V9.52.0.0, COMPILATION OF MODULE MAIN
OBJECT MODULE PLACED IN main.obj
COMPILER INVOKED BY: D:\Keil\C51\BIN\C51.EXE User\main.c BROWSE INCDIR(.\Basic;.\Hardware;.\User) DEBUG OBJECTEXTEND PRI
                    -NT(.\main.lst) TABS(2) OBJECT(main.obj)

line level    source

   1          #include "sys.h"
   2          #include "DELAY.h"
   3          #include "TIMER.h"
   4          #include "SG90.h"
   5          #include "UT.h"
   6          #include "KEY.h"
   7          #include "VABRATION.h"
   8          #include "433.h"
   9          
  10          
  11          unsigned char cnt = 0;
  12          unsigned char jd = 1;
  13          unsigned char jd_back = 0;
  14          unsigned char Vabration = 0;
  15          
  16          int main(){
  17   1        //启动T0提供PWM信号
  18   1        Timer0();
  19   1        //配置T1
  20   1        Timer1();
  21   1        //打开外部中断0
  22   1        INT0_Init();
  23   1        Buzzer = 1;
  24   1        while(1){
  25   2          if(!GetKey1Status()||Get_Distance() < 10 || Vabration || Get_D0()){
  26   3            //转180+蜂鸣器鸣叫；
  27   3            SG_180();
  28   3            //延时2秒
  29   3            Delay2000ms();
  30   3            //震动标记清零
  31   3            Vabration = 0;
  32   3            jd_back = jd;
  33   3          }
  34   2          else{
  35   3            //转回0
  36   3            SG_0();
  37   3            //延时300毫秒
  38   3            Delay300ms();
  39   3            jd_back = jd;
  40   3          }
  41   2        }
  42   1      }
  43          


MODULE INFORMATION:   STATIC OVERLAYABLE
   CODE SIZE        =     69    ----
   CONSTANT SIZE    =   ----    ----
   XDATA SIZE       =   ----    ----
   PDATA SIZE       =   ----    ----
   DATA SIZE        =      4    ----
   IDATA SIZE       =   ----    ----
   BIT SIZE         =   ----    ----
END OF MODULE INFORMATION.

C51 COMPILER V9.52.0.0   MAIN                                                              08/12/2022 07:52:33 PAGE 2   


C51 COMPILATION COMPLETE.  0 WARNING(S),  0 ERROR(S)
