C51 COMPILER V9.52.0.0   MAIN                                                              08/11/2022 08:56:31 PAGE 1   


C51 COMPILER V9.52.0.0, COMPILATION OF MODULE MAIN
OBJECT MODULE PLACED IN main.OBJ
COMPILER INVOKED BY: D:\Keil\C51\BIN\C51.EXE main.c BROWSE DEBUG OBJECTEXTEND TABS(2)

line level    source

   1          #include "reg52.h"
   2          
   3          sbit PWM = P2^4;
   4          unsigned char cnt = 0;
   5          unsigned char jd;
   6          
   7          void Delay2000ms()    //@11.0592MHz
   8          {
   9   1        unsigned char i, j, k;
  10   1      
  11   1        i = 15;
  12   1        j = 2;
  13   1        k = 235;
  14   1        do
  15   1        {
  16   2          do
  17   2          {
  18   3            while (--k);
  19   3          } while (--j);
  20   2        } while (--i);
  21   1      }
  22          
  23          
  24          void Timer(){
  25   1        TMOD &= 0xF0;
  26   1        TMOD |= 0x01;
  27   1        TL0 = 0x33;
  28   1        TH0 = 0xFE;
  29   1        TF0 = 0;
  30   1        TR0 = 1;
  31   1        EA = 1;
  32   1        ET0 = 1;
  33   1      }
  34          
  35          int main(){
  36   1        Timer();
  37   1        PWM = 1;
  38   1        jd = 1;
  39   1        while(1){
  40   2          jd = 5;
  41   2          cnt = 0;
  42   2          Delay2000ms();
  43   2          jd = 1;
  44   2          cnt = 0;
  45   2          Delay2000ms();
  46   2        }
  47   1      }
  48          
  49          void Timer0Handle() interrupt 1{
  50   1        cnt++;
  51   1        TL0 = 0x33;
  52   1        TH0 = 0xFE;
  53   1        if(cnt == jd){
  54   2          PWM = 0;
  55   2        }
C51 COMPILER V9.52.0.0   MAIN                                                              08/11/2022 08:56:31 PAGE 2   

  56   1        if(cnt == 40){
  57   2          PWM = 1;
  58   2          cnt = 0;
  59   2        }
  60   1      }


MODULE INFORMATION:   STATIC OVERLAYABLE
   CODE SIZE        =     95    ----
   CONSTANT SIZE    =   ----    ----
   XDATA SIZE       =   ----    ----
   PDATA SIZE       =   ----    ----
   DATA SIZE        =      2    ----
   IDATA SIZE       =   ----    ----
   BIT SIZE         =   ----    ----
END OF MODULE INFORMATION.


C51 COMPILATION COMPLETE.  0 WARNING(S),  0 ERROR(S)
