C51 COMPILER V9.52.0.0   UART                                                              08/13/2022 21:58:23 PAGE 1   


C51 COMPILER V9.52.0.0, COMPILATION OF MODULE UART
OBJECT MODULE PLACED IN UART.obj
COMPILER INVOKED BY: D:\Keil\C51\BIN\C51.EXE Basic\UART.c BROWSE INCDIR(.\Basic;.\Hardware;.\User) DEBUG OBJECTEXTEND PR
                    -INT(.\UART.lst) TABS(2) OBJECT(UART.obj)

line level    source

   1          #include "UART.h"
   2          
   3          void UartInit(){
   4   1        PCON &= 0x7F;
   5   1        SCON = 0x40;
   6   1        AUXR = 0x01;
   7   1        TMOD &= 0x0F;
   8   1        TMOD |= 0x20;
   9   1        TH1 = 0xFD;
  10   1        TL1 = 0xFD;
  11   1        ET1 = 0;
  12   1        TR1 =1;
  13   1      }
  14          
  15          void SendBuf(char *str){
  16   1        while(*str != '\0'){
  17   2          SBUF = *str++;
  18   2          while(!TI);
  19   2          TI = 0;
  20   2        }
  21   1      }


MODULE INFORMATION:   STATIC OVERLAYABLE
   CODE SIZE        =     66    ----
   CONSTANT SIZE    =   ----    ----
   XDATA SIZE       =   ----    ----
   PDATA SIZE       =   ----    ----
   DATA SIZE        =   ----       3
   IDATA SIZE       =   ----    ----
   BIT SIZE         =   ----    ----
END OF MODULE INFORMATION.


C51 COMPILATION COMPLETE.  0 WARNING(S),  0 ERROR(S)
