C51 COMPILER V9.52.0.0   MAIN                                                              08/11/2022 19:57:52 PAGE 1   


C51 COMPILER V9.52.0.0, COMPILATION OF MODULE MAIN
OBJECT MODULE PLACED IN main.obj
COMPILER INVOKED BY: D:\Keil\C51\BIN\C51.EXE User\main.c BROWSE INCDIR(.\Basic;.\Hardware;.\User) DEBUG OBJECTEXTEND PRI
                    -NT(.\main.lst) TABS(2) OBJECT(main.obj)

line level    source

   1          #include "sys.h"
   2          #include "DELAY.h"
   3          #include "TIMER.h"
   4          #include "SG90.h"
   5          #include "UT.h"
   6          
   7          unsigned char cnt = 0;
   8          unsigned char jd = 1;
   9          
  10          int main(){
  11   1        Timer0();
  12   1        Timer1();
  13   1        while(1){
  14   2          if(Get_Distance() < 10){
  15   3            //转180；
  16   3            SG_180();
  17   3            //延时2秒
  18   3            Delay2000ms();
  19   3          }
  20   2          else{
  21   3            //转回0
  22   3            SG_0();
  23   3            //延时300毫秒
  24   3            Delay300ms();
  25   3          }
  26   2        }
  27   1      }
  28          


MODULE INFORMATION:   STATIC OVERLAYABLE
   CODE SIZE        =     39    ----
   CONSTANT SIZE    =   ----    ----
   XDATA SIZE       =   ----    ----
   PDATA SIZE       =   ----    ----
   DATA SIZE        =      2    ----
   IDATA SIZE       =   ----    ----
   BIT SIZE         =   ----    ----
END OF MODULE INFORMATION.


C51 COMPILATION COMPLETE.  0 WARNING(S),  0 ERROR(S)
