C51 COMPILER V9.52.0.0   MAIN                                                              08/11/2022 10:36:24 PAGE 1   


C51 COMPILER V9.52.0.0, COMPILATION OF MODULE MAIN
OBJECT MODULE PLACED IN main.OBJ
COMPILER INVOKED BY: D:\Keil\C51\BIN\C51.EXE main.c BROWSE DEBUG OBJECTEXTEND TABS(2)

line level    source

   1          #include "reg52.h"
   2          
   3          sbit Trig = P2^2;
   4          sbit Echo = P2^3;
   5          sbit LED1 = P3^7;
   6          double Time;
   7          double Distance;
   8          
   9          void Delay11us()    //@11.0592MHz
  10          {
  11   1        unsigned char i;
  12   1        i = 2;
  13   1        while (--i);
  14   1      }
  15          
  16          void StartTrig(){
  17   1        Trig = 0;
  18   1        Trig = 1;
  19   1        Delay11us();
  20   1        Trig = 0;
  21   1      }
  22          
  23          void Timer0(){
  24   1        TMOD &= 0xF0;
  25   1        TMOD |= 0x01;
  26   1        TH0 = 0;
  27   1        TL0 = 1;
  28   1      }
  29          
  30          int main(){
  31   1        Timer0();
  32   1        while(1){
  33   2          //给Trig至少10us的高电平
  34   2          StartTrig();
  35   2          //Echo从低到高，启动定时器
  36   2          while(!Echo);
  37   2          TF0 = 0;
  38   2          TR0 = 1;
  39   2          //Eecho从高到低，停止定时器。
  40   2          while(Echo);
  41   2          TR0 = 0;
  42   2          //计算时间
  43   2          Time = (TH0 * 256 + TL0)*1.085;
  44   2          //计算距离
  45   2          Distance = 0.017 * Time;//注意单位;
  46   2          if(Distance <10){
  47   3            LED1 = 0;
  48   3          }
  49   2          else{
  50   3            LED1 = 1;
  51   3          }
  52   2          TH0 = 0;
  53   2          TL0 = 1;
  54   2        }
  55   1      }
C51 COMPILER V9.52.0.0   MAIN                                                              08/11/2022 10:36:24 PAGE 2   



MODULE INFORMATION:   STATIC OVERLAYABLE
   CODE SIZE        =    144    ----
   CONSTANT SIZE    =   ----    ----
   XDATA SIZE       =   ----    ----
   PDATA SIZE       =   ----    ----
   DATA SIZE        =      8    ----
   IDATA SIZE       =   ----    ----
   BIT SIZE         =   ----    ----
END OF MODULE INFORMATION.


C51 COMPILATION COMPLETE.  0 WARNING(S),  0 ERROR(S)
