C51 COMPILER V9.52.0.0   MAIN                                                              08/08/2022 21:59:13 PAGE 1   


C51 COMPILER V9.52.0.0, COMPILATION OF MODULE MAIN
OBJECT MODULE PLACED IN main.OBJ
COMPILER INVOKED BY: D:\Keil\C51\BIN\C51.EXE main.c BROWSE DEBUG OBJECTEXTEND TABS(2)

line level    source

   1          #include "reg52.h"
   2          
   3          sbit LED1 = P3^7;
   4          sbit LED2 = P3^6;
   5          sbit VbrationS = P2^7;
   6          void Delay1000ms()    //@11.0592MHz
   7          {
   8   1        unsigned char i, j, k;
   9   1        i = 8;
  10   1        j = 1;
  11   1        k = 243;
  12   1        do
  13   1        {
  14   2          do
  15   2          {
  16   3            while (--k);
  17   3          } while (--j);
  18   2        } while (--i);
  19   1      }
  20          
  21          
  22          
  23          int main(){
  24   1        //震动一次，灯的状态变化一次。
  25   1        unsigned char VSDate;
  26   1        LED1 = 1;
  27   1        while(1){
  28   2          if(!(VSDate=VbrationS)){
  29   3            LED1 = !LED1;
  30   3            Delay1000ms();
  31   3          }
  32   2        }
  33   1      }


MODULE INFORMATION:   STATIC OVERLAYABLE
   CODE SIZE        =     30    ----
   CONSTANT SIZE    =   ----    ----
   XDATA SIZE       =   ----    ----
   PDATA SIZE       =   ----    ----
   DATA SIZE        =   ----       1
   IDATA SIZE       =   ----    ----
   BIT SIZE         =   ----    ----
END OF MODULE INFORMATION.


C51 COMPILATION COMPLETE.  0 WARNING(S),  0 ERROR(S)
