C51 COMPILER V9.52.0.0   MAIN                                                              08/13/2022 21:48:21 PAGE 1   


C51 COMPILER V9.52.0.0, COMPILATION OF MODULE MAIN
OBJECT MODULE PLACED IN main.obj
COMPILER INVOKED BY: D:\Keil\C51\BIN\C51.EXE User\main.c BROWSE INCDIR(.\Basic;.\Hardware;.\User) DEBUG OBJECTEXTEND PRI
                    -NT(.\main.lst) TABS(2) OBJECT(main.obj)

line level    source

   1          #include "sys.h"
   2          #include "TIMER.h"
   3          #include "UART.h"
   4          
   5          int main(){
   6   1        Timer0();
   7   1        UartInit();
   8   1        while(1){
   9   2          if(T0_Flag){
  10   3            SBUF = 'a';
  11   3            T0_Flag = 0;
  12   3          }
  13   2        }
  14   1      }


MODULE INFORMATION:   STATIC OVERLAYABLE
   CODE SIZE        =     18    ----
   CONSTANT SIZE    =   ----    ----
   XDATA SIZE       =   ----    ----
   PDATA SIZE       =   ----    ----
   DATA SIZE        =   ----    ----
   IDATA SIZE       =   ----    ----
   BIT SIZE         =   ----    ----
END OF MODULE INFORMATION.


C51 COMPILATION COMPLETE.  0 WARNING(S),  0 ERROR(S)
