C51 COMPILER V9.52.0.0   UART                                                              08/14/2022 11:14:56 PAGE 1   


C51 COMPILER V9.52.0.0, COMPILATION OF MODULE UART
OBJECT MODULE PLACED IN UART.obj
COMPILER INVOKED BY: D:\Keil\C51\BIN\C51.EXE Basic\UART.c BROWSE INCDIR(.\Basic;.\Hardware;.\User) DEBUG OBJECTEXTEND PR
                    -INT(.\UART.lst) TABS(2) OBJECT(UART.obj)

line level    source

   1          #include "UART.h"
   2          
   3          
   4          
   5          void UARTInit(){
   6   1        PCON &= 0x7F;
   7   1        AUXR = 0x01;
   8   1        SCON = 0x50;
   9   1        TMOD &= 0x0F;
  10   1        TMOD |= 0x20;
  11   1        TH1 = 0xFD;
  12   1        TL1 = 0xFD;
  13   1        ET1 = 0;
  14   1        TR1 = 1;
  15   1      }
  16          
  17          //char UReceiveByte(){
  18          //  while(!RI);//程序可能在这一直等待。
  19          //  RI = 0;
  20          //  return SBUF;
  21          //}


MODULE INFORMATION:   STATIC OVERLAYABLE
   CODE SIZE        =     26    ----
   CONSTANT SIZE    =   ----    ----
   XDATA SIZE       =   ----    ----
   PDATA SIZE       =   ----    ----
   DATA SIZE        =   ----    ----
   IDATA SIZE       =   ----    ----
   BIT SIZE         =   ----    ----
END OF MODULE INFORMATION.


C51 COMPILATION COMPLETE.  0 WARNING(S),  0 ERROR(S)
