C51 COMPILER V9.52.0.0   MAIN                                                              08/14/2022 21:50:39 PAGE 1   


C51 COMPILER V9.52.0.0, COMPILATION OF MODULE MAIN
OBJECT MODULE PLACED IN main.obj
COMPILER INVOKED BY: D:\Keil\C51\BIN\C51.EXE User\main.c BROWSE INCDIR(.\Basic;.\Hardware;.\User) DEBUG OBJECTEXTEND PRI
                    -NT(.\main.lst) TABS(2) OBJECT(main.obj)

line level    source

   1          #include "sys.h"
   2          #include "UART.h"
   3          #include "TIMER.h"
   4          
   5          int main(){
   6   1        Timer0();
   7   1        UARTInit();
   8   1        LED1 = 1;
   9   1        LED2 = 1;
  10   1        while(1){
  11   2          if(T0_Flag){
  12   3            SBUF = 'a';
  13   3            T0_Flag = 0;
  14   3          }
  15   2        }
  16   1      }


MODULE INFORMATION:   STATIC OVERLAYABLE
   CODE SIZE        =     22    ----
   CONSTANT SIZE    =   ----    ----
   XDATA SIZE       =   ----    ----
   PDATA SIZE       =   ----    ----
   DATA SIZE        =   ----    ----
   IDATA SIZE       =   ----    ----
   BIT SIZE         =   ----    ----
END OF MODULE INFORMATION.


C51 COMPILATION COMPLETE.  0 WARNING(S),  0 ERROR(S)
