C51 COMPILER V9.52.0.0   MAIN                                                              08/10/2022 19:59:50 PAGE 1   


C51 COMPILER V9.52.0.0, COMPILATION OF MODULE MAIN
OBJECT MODULE PLACED IN main.OBJ
COMPILER INVOKED BY: D:\Keil\C51\BIN\C51.EXE main.c BROWSE DEBUG OBJECTEXTEND TABS(2)

line level    source

   1          #include "reg52.h"
   2          
   3          void Timer1(){
   4   1        TMOD &= 0x0F;
   5   1        TMOD |= 0x10;
   6   1        TH1 = 0xDC;
   7   1        TL1 = 0x00;
   8   1        TF1 = 0;
   9   1        TR1 = 1;
  10   1        ET1 = 1;
  11   1        EA = 1;
  12   1      }
  13          
  14          sbit LED1 = P3^7;
  15          unsigned char cnt = 0;
  16          
  17          
  18          int main(){
  19   1        LED1 = 1;
  20   1        Timer1();
  21   1        while(1){
  22   2          ;
  23   2        }
  24   1      }
  25          
  26          void Timer1Handle() interrupt 3
  27          {
  28   1        cnt++;
  29   1        TH1 = 0xDC;
  30   1        TL1 = 0x00;
  31   1        if(cnt == 100){
  32   2          LED1 = !LED1;
  33   2          cnt = 0;
  34   2        }
  35   1      }


MODULE INFORMATION:   STATIC OVERLAYABLE
   CODE SIZE        =     55    ----
   CONSTANT SIZE    =   ----    ----
   XDATA SIZE       =   ----    ----
   PDATA SIZE       =   ----    ----
   DATA SIZE        =      1    ----
   IDATA SIZE       =   ----    ----
   BIT SIZE         =   ----    ----
END OF MODULE INFORMATION.


C51 COMPILATION COMPLETE.  0 WARNING(S),  0 ERROR(S)
