C51 COMPILER V9.52.0.0   MAIN                                                              08/11/2022 16:14:20 PAGE 1   


C51 COMPILER V9.52.0.0, COMPILATION OF MODULE MAIN
OBJECT MODULE PLACED IN main.OBJ
COMPILER INVOKED BY: D:\Keil\C51\BIN\C51.EXE main.c BROWSE INCDIR(..\15.³¬Éù²¨¼Ó¶æ»ú) DEBUG OBJECTEXTEND TABS(2)

line level    source

   1          #include "reg52.h"
   2          
   3          sbit Trig = P2^2;
   4          sbit Echo = P2^3;
   5          sbit PWM = P2^4;
   6          sbit LED1 = P3^7;
   7          
   8          unsigned char jd;
   9          unsigned char cnt = 0;
  10          
  11          void Timer0(){
  12   1        TMOD &= 0xF0;
  13   1        TMOD |= 0x01;
  14   1        TH0 = 0xFE;
  15   1        TL0 = 0x33;
  16   1        TF0 = 0;
  17   1        TR0 = 1;
  18   1        EA = 1;
  19   1        ET0 = 1;
  20   1      }
  21          
  22          void Timer1(){
  23   1        TMOD &= 0x0F;
  24   1        TMOD |= 0x10;
  25   1      }
  26          
  27          void Timer1_ON(){
  28   1        TH1 = 0x00;
  29   1        TL1 = 0x00;
  30   1        TR1 = 1;
  31   1      }
  32          
  33          void Timer1_OFF(){
  34   1        TR1 = 0;
  35   1      }
  36          
  37          void Delay10us()    //@11.0592MHz
  38          {
  39   1        unsigned char i;
  40   1        i = 2;
  41   1        while (--i);
  42   1      }
  43          
  44          void Delay300ms()   //@11.0592MHz
  45          {
  46   1        unsigned char i, j, k;
  47   1      
  48   1        i = 3;
  49   1        j = 26;
  50   1        k = 223;
  51   1        do
  52   1        {
  53   2          do
  54   2          {
  55   3            while (--k);
C51 COMPILER V9.52.0.0   MAIN                                                              08/11/2022 16:14:20 PAGE 2   

  56   3          } while (--j);
  57   2        } while (--i);
  58   1      }
  59          
  60          
  61          
  62          void StartTrig(){
  63   1        Trig = 0;
  64   1        Trig = 1;
  65   1        Delay10us();
  66   1        Trig = 0;
  67   1      }
  68          
  69          double Get_Dis(){
  70   1        double Time;
  71   1        StartTrig();
  72   1        while(!Echo);
  73   1        Timer1_ON();
  74   1        while(Echo);
  75   1        Timer1_OFF();
  76   1        Time = 1.085 * (TH1 * 256 + TL1);
  77   1        return (0.017 * Time);
  78   1      }
  79          
  80          
  81          
  82          
  83          int main(){
  84   1        double Dis;
  85   1        Delay300ms();
  86   1        Timer1();
  87   1        Timer0();
  88   1        while(1){
  89   2          Dis = Get_Dis();
  90   2          if(Dis < 20){
  91   3            jd = 5;
  92   3            cnt = 0;
  93   3            Delay300ms();
  94   3            Delay300ms();
  95   3            Delay300ms();
  96   3          }
  97   2          else{
  98   3            jd = 1;
  99   3            cnt = 0;
 100   3            Delay300ms();
 101   3          }
 102   2        }
 103   1      }
 104          
 105          
 106          void Timer0Handle() interrupt 1{
 107   1        cnt++;
 108   1        if(cnt == jd){
 109   2          PWM = 0;
 110   2        }
 111   1        if(cnt == 40){
 112   2          PWM = 1;
 113   2          cnt = 0;
 114   2        }
 115   1        TH0 = 0xFE;
 116   1        TL0 = 0x33;
 117   1      }
C51 COMPILER V9.52.0.0   MAIN                                                              08/11/2022 16:14:20 PAGE 3   



MODULE INFORMATION:   STATIC OVERLAYABLE
   CODE SIZE        =    241    ----
   CONSTANT SIZE    =   ----    ----
   XDATA SIZE       =   ----    ----
   PDATA SIZE       =   ----    ----
   DATA SIZE        =      2       8
   IDATA SIZE       =   ----    ----
   BIT SIZE         =   ----    ----
END OF MODULE INFORMATION.


C51 COMPILATION COMPLETE.  0 WARNING(S),  0 ERROR(S)
