C51 COMPILER V9.52.0.0   MAIN                                                              08/08/2022 20:40:23 PAGE 1   


C51 COMPILER V9.52.0.0, COMPILATION OF MODULE MAIN
OBJECT MODULE PLACED IN main.OBJ
COMPILER INVOKED BY: D:\Keil\C51\BIN\C51.EXE main.c BROWSE DEBUG OBJECTEXTEND TABS(2)

line level    source

   1          #include "reg52.h"
   2          
   3          sbit LED1 = P3^7;
   4          sbit LED2 = P3^6;
   5          sbit KEY1 = P2^1;
   6          sbit KEY2 = P2^0;
   7          
   8          int main(){
   9   1        unsigned char KeyDate1;
  10   1        unsigned char KeyDate2;
  11   1      
  12   1        while(1){
  13   2          LED1 = 1;
  14   2          if(!(KeyDate1=KEY1)){
  15   3            LED1 = 0;
  16   3            while(!(KeyDate1=KEY1));
  17   3          }
  18   2          if(!(KeyDate2=KEY2)){
  19   3            LED2 = 0;
  20   3            while(!(KeyDate2=KEY2));
  21   3          }
  22   2        }
  23   1      }


MODULE INFORMATION:   STATIC OVERLAYABLE
   CODE SIZE        =     36    ----
   CONSTANT SIZE    =   ----    ----
   XDATA SIZE       =   ----    ----
   PDATA SIZE       =   ----    ----
   DATA SIZE        =   ----    ----
   IDATA SIZE       =   ----    ----
   BIT SIZE         =   ----    ----
END OF MODULE INFORMATION.


C51 COMPILATION COMPLETE.  0 WARNING(S),  0 ERROR(S)
