C51 COMPILER V9.52.0.0   MAIN                                                              08/09/2022 09:41:23 PAGE 1   


C51 COMPILER V9.52.0.0, COMPILATION OF MODULE MAIN
OBJECT MODULE PLACED IN main.OBJ
COMPILER INVOKED BY: D:\Keil\C51\BIN\C51.EXE main.c BROWSE DEBUG OBJECTEXTEND TABS(2)

line level    source

   1          #include "reg52.h"
   2          
   3          sbit VbrationS = P2^7;
   4          sbit Relay = P2^6;
   5          void Delay1000ms()    //@11.0592MHz
   6          {
   7   1        unsigned char i, j, k;
   8   1        i = 8;
   9   1        j = 1;
  10   1        k = 243;
  11   1        do
  12   1        {
  13   2          do
  14   2          {
  15   3            while (--k);
  16   3          } while (--j);
  17   2        } while (--i);
  18   1      }
  19          
  20          
  21          
  22          int main(){
  23   1        //震动导致继电器打开。
  24   1        Relay = 1;
  25   1        while(1){
  26   2          if(!VbrationS){
  27   3            Relay = !Relay;
  28   3            Delay1000ms();
  29   3          }
  30   2        }
  31   1      }


MODULE INFORMATION:   STATIC OVERLAYABLE
   CODE SIZE        =     25    ----
   CONSTANT SIZE    =   ----    ----
   XDATA SIZE       =   ----    ----
   PDATA SIZE       =   ----    ----
   DATA SIZE        =   ----    ----
   IDATA SIZE       =   ----    ----
   BIT SIZE         =   ----    ----
END OF MODULE INFORMATION.


C51 COMPILATION COMPLETE.  0 WARNING(S),  0 ERROR(S)
