C51 COMPILER V9.52.0.0   MAIN                                                              08/11/2022 11:07:46 PAGE 1   


C51 COMPILER V9.52.0.0, COMPILATION OF MODULE MAIN
OBJECT MODULE PLACED IN main.OBJ
COMPILER INVOKED BY: D:\Keil\C51\BIN\C51.EXE main.c BROWSE DEBUG OBJECTEXTEND TABS(2)

line level    source

   1          #include "reg52.h"
   2          
   3          sbit Trig = P2^2;
   4          sbit Echo = P2^3;
   5          sbit LED1 = P3^7;
   6          double Time,Dis;
   7          
   8          void Timer0(){
   9   1        TMOD &= 0x0F;
  10   1        TMOD |= 0x10;
  11   1      }
  12          
  13          void Timer0_ON(){
  14   1        TH1 = 0x00;
  15   1        TL1 = 0x00;
  16   1        TR1 = 1;
  17   1      }
  18          
  19          void Timer0_OFF(){
  20   1        TR1 = 0;
  21   1      }
  22          
  23          void Delay10us()    //@11.0592MHz
  24          {
  25   1        unsigned char i;
  26   1        i = 2;
  27   1        while (--i);
  28   1      }
  29          
  30          
  31          void StartTrig(){
  32   1        Trig = 0;
  33   1        Trig = 1;
  34   1        Delay10us();
  35   1        Trig = 0;
  36   1      }
  37          
  38          int main(){
  39   1        Timer0();
  40   1        LED1 = 1;
  41   1        while(1){
  42   2          StartTrig();
  43   2          while(!Echo);
  44   2          Timer0_ON();
  45   2          while(Echo);
  46   2          Timer0_OFF();
  47   2          Time = 1.085 * (TH1 * 256 + TL1);
  48   2          Dis = 0.017 * Time;
  49   2          if(Dis < 10){
  50   3            LED1 = 0;
  51   3          }
  52   2          else{
  53   3            LED1 = 1;
  54   3          }
  55   2        }
C51 COMPILER V9.52.0.0   MAIN                                                              08/11/2022 11:07:46 PAGE 2   

  56   1      }


MODULE INFORMATION:   STATIC OVERLAYABLE
   CODE SIZE        =    145    ----
   CONSTANT SIZE    =   ----    ----
   XDATA SIZE       =   ----    ----
   PDATA SIZE       =   ----    ----
   DATA SIZE        =      8    ----
   IDATA SIZE       =   ----    ----
   BIT SIZE         =   ----    ----
END OF MODULE INFORMATION.


C51 COMPILATION COMPLETE.  0 WARNING(S),  0 ERROR(S)
