C51 COMPILER V9.52.0.0   MAIN                                                              08/08/2022 20:50:04 PAGE 1   


C51 COMPILER V9.52.0.0, COMPILATION OF MODULE MAIN
OBJECT MODULE PLACED IN main.OBJ
COMPILER INVOKED BY: D:\Keil\C51\BIN\C51.EXE main.c BROWSE DEBUG OBJECTEXTEND TABS(2)

line level    source

   1          #include "reg52.h"
   2          
   3          sbit LED1 = P3^7;
   4          sbit LED2 = P3^6;
   5          sbit KEY1 = P2^1;
   6          sbit KEY2 = P2^0;
   7          void Delay50ms()    //@11.0592MHz
   8          {
   9   1        unsigned char i, j;
  10   1      
  11   1        i = 90;
  12   1        j = 163;
  13   1        do
  14   1        {
  15   2          while (--j);
  16   2        } while (--i);
  17   1      }
  18          
  19          
  20          int main(){
  21   1        //实现按键按下LED亮，按键松开LED灭。
  22   1        unsigned char KeyDate1;
  23   1        unsigned char KeyDate2;
  24   1        
  25   1      
  26   1        while(1){
  27   2          LED1 = 1;
  28   2          LED2 = 1;
  29   2          if(!(KeyDate1=KEY1)){
  30   3            Delay50ms();
  31   3            if(!(KeyDate1=KEY1)){
  32   4              LED1 = 0;
  33   4              while(!(KeyDate1=KEY1));
  34   4            }
  35   3          }
  36   2          if(!(KeyDate2=KEY2)){
  37   3            if(!(KeyDate2=KEY2)){
  38   4              LED2 = 0;
  39   4              while(!(KeyDate2=KEY2));
  40   4            }
  41   3          }
  42   2        }
  43   1      }


MODULE INFORMATION:   STATIC OVERLAYABLE
   CODE SIZE        =     62    ----
   CONSTANT SIZE    =   ----    ----
   XDATA SIZE       =   ----    ----
   PDATA SIZE       =   ----    ----
   DATA SIZE        =   ----    ----
   IDATA SIZE       =   ----    ----
   BIT SIZE         =   ----    ----
END OF MODULE INFORMATION.


C51 COMPILATION COMPLETE.  0 WARNING(S),  0 ERROR(S)
