C51 COMPILER V9.52.0.0   MAIN                                                              08/11/2022 20:42:34 PAGE 1   


C51 COMPILER V9.52.0.0, COMPILATION OF MODULE MAIN
OBJECT MODULE PLACED IN main.obj
COMPILER INVOKED BY: D:\Keil\C51\BIN\C51.EXE User\main.c BROWSE INCDIR(.\Basic;.\Hardware;.\User) DEBUG OBJECTEXTEND PRI
                    -NT(.\main.lst) TABS(2) OBJECT(main.obj)

line level    source

   1          #include "sys.h"
   2          #include "DELAY.h"
   3          #include "TIMER.h"
   4          #include "SG90.h"
   5          #include "UT.h"
   6          #include "KEY.h"
   7          
   8          unsigned char cnt = 0;
   9          unsigned char jd = 1;
  10          
  11          int main(){
  12   1        Timer0();
  13   1        Timer1();
  14   1        while(1){
  15   2          if(!GetKey1Status()||Get_Distance() < 10){
  16   3            //转180；
  17   3            SG_180();
  18   3            //延时2秒
  19   3            Delay2000ms();
  20   3          }
  21   2          else{
  22   3            //转回0
  23   3            SG_0();
  24   3            //延时300毫秒
  25   3            Delay300ms();
  26   3          }
  27   2        }
  28   1      }
  29          


MODULE INFORMATION:   STATIC OVERLAYABLE
   CODE SIZE        =     45    ----
   CONSTANT SIZE    =   ----    ----
   XDATA SIZE       =   ----    ----
   PDATA SIZE       =   ----    ----
   DATA SIZE        =      2    ----
   IDATA SIZE       =   ----    ----
   BIT SIZE         =   ----    ----
END OF MODULE INFORMATION.


C51 COMPILATION COMPLETE.  0 WARNING(S),  0 ERROR(S)
