C51 COMPILER V9.52.0.0   MAIN                                                              08/09/2022 22:05:36 PAGE 1   


C51 COMPILER V9.52.0.0, COMPILATION OF MODULE MAIN
OBJECT MODULE PLACED IN main.OBJ
COMPILER INVOKED BY: D:\Keil\C51\BIN\C51.EXE main.c BROWSE DEBUG OBJECTEXTEND TABS(2)

line level    source

   1          #include "reg52.h"
   2          
   3          sbit LED1 = P3^7;
   4          
   5          int main(){
   6   1        unsigned char cnt = 0;
   7   1        LED1 = 1;
   8   1        TMOD &= 0xF0;
   9   1        TMOD |= 0x01;
  10   1        TL0 = 0x00;
  11   1        TH0 = 0xDC;
  12   1        TF0 = 0;
  13   1        TR0 = 1;
  14   1        while(1){
  15   2          if(TF0){
  16   3            TF0 = 0;
  17   3            TL0 = 0x00;
  18   3            TH0 = 0xDC;
  19   3            cnt++;
  20   3          }
  21   2          if(cnt==100){
  22   3            LED1 = !LED1;
  23   3            cnt = 0;
  24   3          }
  25   2        }
  26   1        
  27   1      }


MODULE INFORMATION:   STATIC OVERLAYABLE
   CODE SIZE        =     40    ----
   CONSTANT SIZE    =   ----    ----
   XDATA SIZE       =   ----    ----
   PDATA SIZE       =   ----    ----
   DATA SIZE        =   ----    ----
   IDATA SIZE       =   ----    ----
   BIT SIZE         =   ----    ----
END OF MODULE INFORMATION.


C51 COMPILATION COMPLETE.  0 WARNING(S),  0 ERROR(S)
