C51 COMPILER V9.52.0.0   MAIN                                                              08/14/2022 22:22:12 PAGE 1   


C51 COMPILER V9.52.0.0, COMPILATION OF MODULE MAIN
OBJECT MODULE PLACED IN main.obj
COMPILER INVOKED BY: D:\Keil\C51\BIN\C51.EXE User\main.c BROWSE INCDIR(.\Basic;.\Hardware;.\User) DEBUG OBJECTEXTEND PRI
                    -NT(.\main.lst) TABS(2) OBJECT(main.obj)

line level    source

   1          #include "sys.h"
   2          #include "TIMER.h"
   3          #include "UART.h"
   4          
   5          
   6          int main(){
   7   1        Timer0();
   8   1        UARTInit();
   9   1        LED1 = 1;
  10   1        while(1){
  11   2          if(T0_Flag){
  12   3            SendBuf(URBuf); 
  13   3            if((UART_REN_STA&0x3F) == 4){
  14   4              LED1 = 0;
  15   4            }
  16   3            T0_Flag = 0;
  17   3          }
  18   2        }
  19   1      
  20   1      }


MODULE INFORMATION:   STATIC OVERLAYABLE
   CODE SIZE        =     36    ----
   CONSTANT SIZE    =   ----    ----
   XDATA SIZE       =   ----    ----
   PDATA SIZE       =   ----    ----
   DATA SIZE        =   ----    ----
   IDATA SIZE       =   ----    ----
   BIT SIZE         =   ----    ----
END OF MODULE INFORMATION.


C51 COMPILATION COMPLETE.  0 WARNING(S),  0 ERROR(S)
