C51 COMPILER V9.52.0.0   MAIN                                                              08/10/2022 09:10:57 PAGE 1   


C51 COMPILER V9.52.0.0, COMPILATION OF MODULE MAIN
OBJECT MODULE PLACED IN main.OBJ
COMPILER INVOKED BY: D:\Keil\C51\BIN\C51.EXE main.c BROWSE DEBUG OBJECTEXTEND TABS(2)

line level    source

   1          #include "reg52.h"
   2          
   3          void Timer(){
   4   1        TMOD &= 0xF0;
   5   1        TMOD |= 0x01;
   6   1        TH0 = 0xDC;
   7   1        TL0 = 0x00;
   8   1        TF0 = 0;
   9   1        TR0 = 1;
  10   1      }
  11          
  12          sbit LED1 = P3^7;
  13          
  14          int main(){
  15   1        unsigned char cnt = 0;
  16   1        LED1 = 1;
  17   1        while(1){
  18   2          Timer();
  19   2          while(!TF0);
  20   2          cnt++;
  21   2          if(cnt == 100){
  22   3            LED1 = !LED1;
  23   3            cnt = 0;
  24   3          }
  25   2        }
  26   1      }


MODULE INFORMATION:   STATIC OVERLAYABLE
   CODE SIZE        =     37    ----
   CONSTANT SIZE    =   ----    ----
   XDATA SIZE       =   ----    ----
   PDATA SIZE       =   ----    ----
   DATA SIZE        =   ----    ----
   IDATA SIZE       =   ----    ----
   BIT SIZE         =   ----    ----
END OF MODULE INFORMATION.


C51 COMPILATION COMPLETE.  0 WARNING(S),  0 ERROR(S)
