C51 COMPILER V9.52.0.0   BUZZER                                                            08/11/2022 22:00:00 PAGE 1   


C51 COMPILER V9.52.0.0, COMPILATION OF MODULE BUZZER
OBJECT MODULE PLACED IN BUZZER.obj
COMPILER INVOKED BY: D:\Keil\C51\BIN\C51.EXE Hardware\BUZZER.c BROWSE INCDIR(.\Basic;.\Hardware;.\User) DEBUG OBJECTEXTE
                    -ND PRINT(.\BUZZER.lst) TABS(2) OBJECT(BUZZER.obj)

line level    source

   1          #include "BUZZER.h"
   2          
   3          void DoBuzzer(){
   4   1        Buzzer = 0;
   5   1        Delay300ms();
   6   1        Buzzer = 1;
   7   1      }


MODULE INFORMATION:   STATIC OVERLAYABLE
   CODE SIZE        =      8    ----
   CONSTANT SIZE    =   ----    ----
   XDATA SIZE       =   ----    ----
   PDATA SIZE       =   ----    ----
   DATA SIZE        =   ----    ----
   IDATA SIZE       =   ----    ----
   BIT SIZE         =   ----    ----
END OF MODULE INFORMATION.


C51 COMPILATION COMPLETE.  0 WARNING(S),  0 ERROR(S)
