C51 COMPILER V9.52.0.0   MAIN                                                              08/11/2022 21:59:59 PAGE 1   


C51 COMPILER V9.52.0.0, COMPILATION OF MODULE MAIN
OBJECT MODULE PLACED IN main.obj
COMPILER INVOKED BY: D:\Keil\C51\BIN\C51.EXE User\main.c BROWSE INCDIR(.\Basic;.\Hardware;.\User) DEBUG OBJECTEXTEND PRI
                    -NT(.\main.lst) TABS(2) OBJECT(main.obj)

line level    source

   1          #include "sys.h"
   2          #include "DELAY.h"
   3          #include "TIMER.h"
   4          #include "SG90.h"
   5          #include "UT.h"
   6          #include "KEY.h"
   7          #include "VABRATION.h"
   8          
   9          
  10          unsigned char cnt = 0;
  11          unsigned char jd = 1;
  12          unsigned char jd_back = 0;
  13          unsigned char Vabration = 0;
  14          
  15          int main(){
  16   1        Timer0();
  17   1        Timer1();
  18   1        INT0_Init();
  19   1        Buzzer = 1;
  20   1        while(1){
  21   2          if(!GetKey1Status()||Get_Distance() < 10 || Vabration){
  22   3            //转180；
  23   3            SG_180();
  24   3            //延时2秒
  25   3            Delay2000ms();
  26   3            //震动标记清零
  27   3            Vabration = 0;
  28   3            jd_back = jd;
  29   3          }
  30   2          else{
  31   3            //转回0
  32   3            SG_0();
  33   3            //延时300毫秒
  34   3            Delay300ms();
  35   3            jd_back = jd;
  36   3          }
  37   2        }
  38   1      }
  39          


MODULE INFORMATION:   STATIC OVERLAYABLE
   CODE SIZE        =     63    ----
   CONSTANT SIZE    =   ----    ----
   XDATA SIZE       =   ----    ----
   PDATA SIZE       =   ----    ----
   DATA SIZE        =      4    ----
   IDATA SIZE       =   ----    ----
   BIT SIZE         =   ----    ----
END OF MODULE INFORMATION.


C51 COMPILATION COMPLETE.  0 WARNING(S),  0 ERROR(S)
