C51 COMPILER V9.52.0.0   VABRATION                                                         08/11/2022 22:00:00 PAGE 1   


C51 COMPILER V9.52.0.0, COMPILATION OF MODULE VABRATION
OBJECT MODULE PLACED IN VABRATION.obj
COMPILER INVOKED BY: D:\Keil\C51\BIN\C51.EXE Hardware\VABRATION.c BROWSE INCDIR(.\Basic;.\Hardware;.\User) DEBUG OBJECTE
                    -XTEND PRINT(.\VABRATION.lst) TABS(2) OBJECT(VABRATION.obj)

line level    source

   1          #include "VABRATION.h"
   2          
   3          void INT0_Init(){
   4   1        EX0 = 1;
   5   1        IT0 = 0;
   6   1      }
   7          
   8          void INT0Handle() interrupt 0{
   9   1        Vabration = 1;
  10   1      }


MODULE INFORMATION:   STATIC OVERLAYABLE
   CODE SIZE        =      9    ----
   CONSTANT SIZE    =   ----    ----
   XDATA SIZE       =   ----    ----
   PDATA SIZE       =   ----    ----
   DATA SIZE        =   ----    ----
   IDATA SIZE       =   ----    ----
   BIT SIZE         =   ----    ----
END OF MODULE INFORMATION.


C51 COMPILATION COMPLETE.  0 WARNING(S),  0 ERROR(S)
